 Adapt {
     list = [ "slope" ];
     max_level = 0;
     min_level = -2;
     slope {
         field_list = [ "density" ];
         min_refine = 1.000000000000000e-10;
         type = "slope";
     };
 }

 Boundary {
     type = "periodic";
 }

 Domain {
     lower = [ 0.000000000000000, 0.000000000000000, 0.000000000000000 ];
     rank = 3;
     upper = [ 1.000000000000000, 1.000000000000000, 1.000000000000000 ];
 }

 Field {
     alignment = 8;
     gamma = 1.400000000000000;
     ghost_depth = 4;
     history = 1;
     list = [ "density", "velocity_x", "velocity_y", "velocity_z", "acceleration_x", "acceleration_y", "acceleration_z", "temperature", "total_energy", "internal_energy", "pressure", "density_gas", "density_particle", "density_total", "metal_density", "density_particle_accumulate", "potential", "potential_temp", "potential_copy", "X", "B", "X_copy", "B_copy" ];
     padding = 0;
 }

 Group {
     color {
         field_list = [ "metal_density" ];
     };
     derived {
         field_list = [ "temperature", "pressure" ];
     };
     list = [ "color", "derived" ];
 }

 Initial {
     burkertbodenheimer {
         densityprofile = 2;
         mass = 10000.00000000000;
         outer_velocity = 0.1000000000000000;
         radius_relative = 0.1500000000000000;
         rotating = true;
         temperature = 100.0000000000000;
     };
     list = [ "burkertbodenheimer" ];
 }

 Mesh {
     root_blocks = [ 4, 4, 4 ];
     root_rank = 3;
     root_size = [ 64, 64, 64 ];
 }

 Method {
     feedback {
         feedback_stencil = 3;
         ke_fraction = 0.000000000000000;
         shift_cell_center = false;
         use_ionization_feedback = true;
     };
     grackle {
         HydrogenFractionByMass = 0.7300000000000000;
         UVbackground = 0;
         data_file = "input/CloudyData_noUVB.h5";
         metal_cooling = 1;
         primordial_chemistry = 0;
         radiation_redshift = 0.0001000000000000000;
         self_shielding_method = 0;
         use_cooling_timestep = false;
         with_radiative_cooling = 1;
     };
     gravity {
         solver = "dd";
     };
     list = [ "null", "ppm", "grackle", "pm_deposit", "gravity", "pm_update" ];
     null {
         dt = 10.00000000000000;
     };
     ppm {
         courant = 0.3000000000000000;
         dual_energy = true;
     };
     star_maker {
         efficiency = 0.02000000000000000;
         maximum_mass_fraction = 0.5000000000000000;
         minimum_star_mass = 1000.000000000000;
         number_density_threshold = 100.0000000000000;
         type = "stochastic";
         use_density_threshold = true;
         use_dynamical_time = true;
         use_velocity_divergence = false;
     };
 }

 Output {
     data {
         dir = [ "Dir_Collapse-GAS-DD2_%04d", "count" ];
         field_list = [ "density", "velocity_x", "velocity_y", "velocity_z", "metal_density", "temperature", "total_energy", "internal_energy", "pressure", "density_total", "potential" ];
         name = [ "data-%04d-%04d.h5", "count", "proc" ];
         particle_list = [ "star" ];
         schedule {
             step = 0.2500000000000000;
             var = "time";
         };
         type = "data";
     };
 }

 Particle {
     list = [ "star" ];
     star {
         attributes = [ "x", "double", "y", "double", "z", "double", "vx", "double", "vy", "double", "vz", "double", "ax", "double", "ay", "double", "az", "double", "is_local", "double", "mass", "double", "creation_time", "double", "lifetime", "double", "metal_fraction", "double" ];
         group_list = [ "has_mass" ];
         position = [ "x", "y", "z" ];
         velocity = [ "vx", "vy", "vz" ];
     };
 }

 Solver {
     dd {
         coarse_level = 0;
         coarse_solve = "dd_root";
         domain_solve = "dd_domain";
         last_smooth = "dd_smooth";
         max_level = 0;
         min_level = -2;
         monitor_iter = 1;
         type = "dd";
     };
     dd_domain {
         coarse_level = 0;
         iter_max = 100;
         max_level = 0;
         min_level = -2;
         monitor_iter = 0;
         res_tol = 0.01000000000000000;
         solve_type = "tree";
         type = "bicgstab";
     };
     dd_root {
         coarse_level = -2;
         coarse_solve = "root_coarse";
         iter_max = 10;
         max_level = 0;
         min_level = -2;
         monitor_iter = 1;
         post_smooth = "root_post";
         pre_smooth = "root_pre";
         res_tol = 0.01000000000000000;
         solve_type = "level";
         type = "mg0";
     };
     dd_smooth {
         iter_max = 3;
         monitor_iter = 1;
         solve_type = "leaf";
         type = "jacobi";
     };
     list = [ "dd", "dd_root", "dd_domain", "dd_smooth", "root_coarse", "root_pre", "root_post" ];
     root_coarse {
         iter_max = 100;
         monitor_iter = 1;
         res_tol = 0.01000000000000000;
         solve_type = "block";
         type = "cg";
     };
     root_post {
         iter_max = 2;
         solve_type = "level";
         type = "jacobi";
     };
     root_pre {
         iter_max = 2;
         solve_type = "level";
         type = "jacobi";
     };
 }

 Stopping {
     cycle = 10000;
 }

 Units {
     length = 3.159600000000000e+21;
     mass = 1.989100000000000e+36;
     time = 31557600000000.00;
 }
